<?xml version="1.0" encoding="UTF-8"?>
<testng-results ignored="0" total="2" passed="2" failed="0" skipped="0">
  <reporter-output>
  </reporter-output>
  <suite started-at="2024-03-30T19:21:39 IST" name="Suite" finished-at="2024-03-30T19:21:57 IST" duration-ms="17826">
    <groups>
    </groups>
    <test started-at="2024-03-30T19:21:39 IST" name="Test" finished-at="2024-03-30T19:21:57 IST" duration-ms="17826">
      <class name="SampleTests.homePage">
        <test-method is-config="true" signature="testcase0()[pri:0, instance:SampleTests.homePage@43bc63a3]" started-at="2024-03-30T19:21:39 IST" name="testcase0" finished-at="2024-03-30T19:21:53 IST" duration-ms="13148" status="PASS">
          <reporter-output>
          </reporter-output>
        </test-method> <!-- testcase0 -->
        <test-method signature="testcase1()[pri:0, instance:SampleTests.homePage@43bc63a3]" started-at="2024-03-30T19:21:53 IST" name="testcase1" finished-at="2024-03-30T19:21:56 IST" duration-ms="3419" status="PASS">
          <reporter-output>
          </reporter-output>
        </test-method> <!-- testcase1 -->
        <test-method signature="testcase2()[pri:0, instance:SampleTests.homePage@43bc63a3]" started-at="2024-03-30T19:21:56 IST" name="testcase2" finished-at="2024-03-30T19:21:57 IST" duration-ms="1026" status="PASS">
          <reporter-output>
          </reporter-output>
        </test-method> <!-- testcase2 -->
      </class> <!-- SampleTests.homePage -->
    </test> <!-- Test -->
  </suite> <!-- Suite -->
</testng-results>
